<?xml version="1.0" encoding="UTF-8"?>
<!-- Generated by org.testng.reporters.JUnitXMLReporter -->
<testsuite ignored="0" hostname="DESKTOP-TMBIM21" failures="0" tests="2" name="Default test" time="48.269" errors="0" timestamp="2026-09-06T12:20:11 CEST">
  <testcase classname="configurationChromeDriver.ConfigurationSeleniumManager" name="openYoutube" time="44.08"/>
  <testcase classname="configurationChromeDriver.ConfigurationSeleniumManager" name="openGoogle" time="2.97"/>
</testsuite> <!-- Default test -->
