<?xml version="1.0" encoding="UTF-8"?>
<!-- Generated by org.testng.reporters.JUnitReportReporter -->
<testsuite hostname="DESKTOP-TMBIM21" failures="0" tests="2" name="configurationChromeDriver.ChromeDriverManualSetep" time="33.648" errors="0" timestamp="2026-09-06T12:17:10 CEST" skipped="0">
  <testcase classname="configurationChromeDriver.ChromeDriverManualSetep" name="openYoutube" time="30.286"/>
  <testcase classname="configurationChromeDriver.ChromeDriverManualSetep" name="openGoogle" time="3.362"/>
</testsuite> <!-- configurationChromeDriver.ChromeDriverManualSetep -->
