<?xml version="1.0" encoding="UTF-8"?>
<!-- Generated by org.testng.reporters.JUnitReportReporter -->
<testsuite hostname="DESKTOP-TMBIM21" failures="0" tests="2" name="configurationChromeDriver.ConfigurationSeleniumManager" time="48.210" errors="0" timestamp="2026-09-06T12:20:12 CEST" skipped="0">
  <testcase classname="configurationChromeDriver.ConfigurationSeleniumManager" name="openYoutube" time="44.663"/>
  <testcase classname="configurationChromeDriver.ConfigurationSeleniumManager" name="openGoogle" time="3.547"/>
</testsuite> <!-- configurationChromeDriver.ConfigurationSeleniumManager -->
