<?xml version="1.0" encoding="UTF-8"?>
<!-- Generated by org.testng.reporters.JUnitReportReporter -->
<testsuite hostname="DESKTOP-TMBIM21" failures="0" tests="2" name="configurationChromeDriver.ConfigurationWebDriverManager" time="55.027" errors="0" timestamp="2026-09-06T12:13:42 CEST" skipped="0">
  <testcase classname="configurationChromeDriver.ConfigurationWebDriverManager" name="openYoutube" time="51.893"/>
  <testcase classname="configurationChromeDriver.ConfigurationWebDriverManager" name="openGoogle" time="3.134"/>
</testsuite> <!-- configurationChromeDriver.ConfigurationWebDriverManager -->
